[(INFO)-2021-11-28 22:38:27,367-page_loader.page_loader]: Content path: /tmp/tmpe_rib9z6/nosuchsite0kdskjdaf-com_files
[(INFO)-2021-11-28 22:38:27,367-page_loader.page_loader]: Output path: /tmp/tmpe_rib9z6/nosuchsite0kdskjdaf-com.html
[(INFO)-2021-11-28 22:40:42,347-page_loader.page_loader]: Content path: /tmp/tmp72duq7a3/nosuchsite0kdskjdaf-com_files
[(INFO)-2021-11-28 22:40:42,348-page_loader.page_loader]: Output path: /tmp/tmp72duq7a3/nosuchsite0kdskjdaf-com.html
[(INFO)-2021-11-28 22:41:34,081-page_loader.page_loader]: Content path: /tmp/tmpmv1ajo6r/nosuchsite0kdskjdaf-com_files
[(INFO)-2021-11-28 22:41:34,081-page_loader.page_loader]: Output path: /tmp/tmpmv1ajo6r/nosuchsite0kdskjdaf-com.html
[(INFO)-2021-11-28 22:41:47,890-page_loader.page_loader]: Content path: /tmp/tmpuwq68ybd/nosuchsite0kdskjdaf-com_files
[(INFO)-2021-11-28 22:41:47,890-page_loader.page_loader]: Output path: /tmp/tmpuwq68ybd/nosuchsite0kdskjdaf-com.html
[(INFO)-2021-11-28 22:42:15,571-page_loader.page_loader]: Content path: /tmp/tmpx358lff2/nosuchsite0kdskjdaf-com_files
[(INFO)-2021-11-28 22:42:15,571-page_loader.page_loader]: Output path: /tmp/tmpx358lff2/nosuchsite0kdskjdaf-com.html
[(INFO)-2021-11-28 22:42:42,914-page_loader.page_loader]: Content path: /tmp/tmp5ikdh6sx/nosuchsite0kdskjdaf-com_files
[(INFO)-2021-11-28 22:42:42,914-page_loader.page_loader]: Output path: /tmp/tmp5ikdh6sx/nosuchsite0kdskjdaf-com.html
[(INFO)-2021-11-28 22:45:15,275-page_loader.page_loader]: Content path: /tmp/tmp9l1cgesx/nosuchsite0kdskjdaf-com_files
[(INFO)-2021-11-28 22:45:15,275-page_loader.page_loader]: Output path: /tmp/tmp9l1cgesx/nosuchsite0kdskjdaf-com.html
[(INFO)-2021-11-28 22:46:09,510-page_loader.page_loader]: Content path: /tmp/tmp5ipvswwl/nosuchsite0kdskjdaf-com_files
[(INFO)-2021-11-28 22:46:09,511-page_loader.page_loader]: Output path: /tmp/tmp5ipvswwl/nosuchsite0kdskjdaf-com.html
[(INFO)-2021-11-28 22:46:29,301-page_loader.page_loader]: Content path: /tmp/tmpnuyw9i55/nosuchsite0kdskjdaf-com_files
[(INFO)-2021-11-28 22:46:29,301-page_loader.page_loader]: Output path: /tmp/tmpnuyw9i55/nosuchsite0kdskjdaf-com.html
[(INFO)-2021-11-28 22:47:27,206-page_loader.page_loader]: Content path: /tmp/tmpt4gt7w_n/nosuchsite0kdskjdaf-com_files
[(INFO)-2021-11-28 22:47:27,206-page_loader.page_loader]: Output path: /tmp/tmpt4gt7w_n/nosuchsite0kdskjdaf-com.html
